running develop
/usr/lib/python3/dist-packages/setuptools/command/easy_install.py:158: EasyInstallDeprecationWarning: easy_install command is deprecated. Use build and pip and other standards-based tools.
  warnings.warn(
running egg_info
creating unitree.egg-info
writing unitree.egg-info/PKG-INFO
writing dependency_links to unitree.egg-info/dependency_links.txt
writing entry points to unitree.egg-info/entry_points.txt
writing requirements to unitree.egg-info/requires.txt
writing top-level names to unitree.egg-info/top_level.txt
writing manifest file 'unitree.egg-info/SOURCES.txt'
reading manifest file 'unitree.egg-info/SOURCES.txt'
writing manifest file 'unitree.egg-info/SOURCES.txt'
running build_ext
Creating /home/ceyx/Documents/HHS-Dog/install/unitree/lib/python3.10/site-packages/unitree.egg-link (link to .)
Installing basic script to /home/ceyx/Documents/HHS-Dog/install/unitree/lib/unitree

Installed /home/ceyx/Documents/HHS-Dog/build/unitree
running symlink_data
creating /home/ceyx/Documents/HHS-Dog/install/unitree/share/ament_index
creating /home/ceyx/Documents/HHS-Dog/install/unitree/share/ament_index/resource_index
creating /home/ceyx/Documents/HHS-Dog/install/unitree/share/ament_index/resource_index/packages
symbolically linking /home/ceyx/Documents/HHS-Dog/build/unitree/resource/unitree -> /home/ceyx/Documents/HHS-Dog/install/unitree/share/ament_index/resource_index/packages
symbolically linking /home/ceyx/Documents/HHS-Dog/build/unitree/package.xml -> /home/ceyx/Documents/HHS-Dog/install/unitree/share/unitree
creating /home/ceyx/Documents/HHS-Dog/install/unitree/share/unitree/launch
symbolically linking /home/ceyx/Documents/HHS-Dog/build/unitree/launch/basic.launch.py -> /home/ceyx/Documents/HHS-Dog/install/unitree/share/unitree/launch
creating /home/ceyx/Documents/HHS-Dog/install/unitree/share/unitree/urdf
symbolically linking /home/ceyx/Documents/HHS-Dog/build/unitree/urdf/go1.urdf -> /home/ceyx/Documents/HHS-Dog/install/unitree/share/unitree/urdf
creating /home/ceyx/Documents/HHS-Dog/install/unitree/share/unitree/meshes
symbolically linking /home/ceyx/Documents/HHS-Dog/build/unitree/meshes/thigh.stl -> /home/ceyx/Documents/HHS-Dog/install/unitree/share/unitree/meshes
symbolically linking /home/ceyx/Documents/HHS-Dog/build/unitree/meshes/trunk.stl -> /home/ceyx/Documents/HHS-Dog/install/unitree/share/unitree/meshes
symbolically linking /home/ceyx/Documents/HHS-Dog/build/unitree/meshes/hip.stl -> /home/ceyx/Documents/HHS-Dog/install/unitree/share/unitree/meshes
symbolically linking /home/ceyx/Documents/HHS-Dog/build/unitree/meshes/thigh_mirror.stl -> /home/ceyx/Documents/HHS-Dog/install/unitree/share/unitree/meshes
symbolically linking /home/ceyx/Documents/HHS-Dog/build/unitree/meshes/calf.stl -> /home/ceyx/Documents/HHS-Dog/install/unitree/share/unitree/meshes
creating /home/ceyx/Documents/HHS-Dog/install/unitree/share/unitree/rviz
symbolically linking /home/ceyx/Documents/HHS-Dog/build/unitree/rviz/viewurdf.rviz -> /home/ceyx/Documents/HHS-Dog/install/unitree/share/unitree/rviz
