[0.082s] DEBUG:colcon:Command line arguments: ['/usr/bin/colcon', 'build', '--symlink-install']
[0.082s] DEBUG:colcon:Parsed command line arguments: Namespace(log_base=None, log_level=None, verb_name='build', build_base='build', install_base='install', merge_install=False, symlink_install=True, test_result_base=None, continue_on_error=False, executor='parallel', parallel_workers=16, event_handlers=None, ignore_user_meta=False, metas=['./colcon.meta'], base_paths=['.'], packages_ignore=None, packages_ignore_regex=None, paths=None, packages_up_to=None, packages_up_to_regex=None, packages_above=None, packages_above_and_dependencies=None, packages_above_depth=None, packages_select_by_dep=None, packages_skip_by_dep=None, packages_skip_up_to=None, packages_select_build_failed=False, packages_skip_build_finished=False, packages_select_test_failures=False, packages_skip_test_passed=False, packages_select=None, packages_skip=None, packages_select_regex=None, packages_skip_regex=None, packages_start=None, packages_end=None, allow_overriding=[], cmake_args=None, cmake_target=None, cmake_target_skip_unavailable=False, cmake_clean_cache=False, cmake_clean_first=False, cmake_force_configure=False, ament_cmake_args=None, catkin_cmake_args=None, catkin_skip_building_tests=False, verb_parser=<colcon_defaults.argument_parser.defaults.DefaultArgumentsDecorator object at 0x736031ad98d0>, verb_extension=<colcon_core.verb.build.BuildVerb object at 0x736031ad8fa0>, main=<bound method BuildVerb.main of <colcon_core.verb.build.BuildVerb object at 0x736031ad8fa0>>)
[0.223s] Level 1:colcon.colcon_core.package_discovery:discover_packages(colcon_meta) check parameters
[0.223s] Level 1:colcon.colcon_core.package_discovery:discover_packages(recursive) check parameters
[0.223s] Level 1:colcon.colcon_core.package_discovery:discover_packages(ignore) check parameters
[0.223s] Level 1:colcon.colcon_core.package_discovery:discover_packages(path) check parameters
[0.223s] Level 1:colcon.colcon_core.package_discovery:discover_packages(colcon_meta) discover
[0.224s] Level 1:colcon.colcon_core.package_discovery:discover_packages(recursive) discover
[0.224s] INFO:colcon.colcon_core.package_discovery:Crawling recursively for packages in '/home/ceyx/Documents/HHS-Dog'
[0.224s] Level 1:colcon.colcon_core.package_identification:_identify(.) by extensions ['ignore', 'ignore_ament_install']
[0.224s] Level 1:colcon.colcon_core.package_identification:_identify(.) by extension 'ignore'
[0.224s] Level 1:colcon.colcon_core.package_identification:_identify(.) by extension 'ignore_ament_install'
[0.224s] Level 1:colcon.colcon_core.package_identification:_identify(.) by extensions ['colcon_pkg']
[0.224s] Level 1:colcon.colcon_core.package_identification:_identify(.) by extension 'colcon_pkg'
[0.224s] Level 1:colcon.colcon_core.package_identification:_identify(.) by extensions ['colcon_meta']
[0.224s] Level 1:colcon.colcon_core.package_identification:_identify(.) by extension 'colcon_meta'
[0.224s] Level 1:colcon.colcon_core.package_identification:_identify(.) by extensions ['ros']
[0.224s] Level 1:colcon.colcon_core.package_identification:_identify(.) by extension 'ros'
[0.236s] Level 1:colcon.colcon_core.package_identification:_identify(.) by extensions ['cmake', 'python']
[0.236s] Level 1:colcon.colcon_core.package_identification:_identify(.) by extension 'cmake'
[0.236s] Level 1:colcon.colcon_core.package_identification:_identify(.) by extension 'python'
[0.236s] Level 1:colcon.colcon_core.package_identification:_identify(.) by extensions ['python_setup_py']
[0.236s] Level 1:colcon.colcon_core.package_identification:_identify(.) by extension 'python_setup_py'
[0.236s] Level 1:colcon.colcon_core.package_identification:_identify(build) by extensions ['ignore', 'ignore_ament_install']
[0.236s] Level 1:colcon.colcon_core.package_identification:_identify(build) by extension 'ignore'
[0.237s] Level 1:colcon.colcon_core.package_identification:_identify(build) ignored
[0.237s] Level 1:colcon.colcon_core.package_identification:_identify(go1) by extensions ['ignore', 'ignore_ament_install']
[0.237s] Level 1:colcon.colcon_core.package_identification:_identify(go1) by extension 'ignore'
[0.237s] Level 1:colcon.colcon_core.package_identification:_identify(go1) by extension 'ignore_ament_install'
[0.237s] Level 1:colcon.colcon_core.package_identification:_identify(go1) by extensions ['colcon_pkg']
[0.237s] Level 1:colcon.colcon_core.package_identification:_identify(go1) by extension 'colcon_pkg'
[0.237s] Level 1:colcon.colcon_core.package_identification:_identify(go1) by extensions ['colcon_meta']
[0.237s] Level 1:colcon.colcon_core.package_identification:_identify(go1) by extension 'colcon_meta'
[0.237s] Level 1:colcon.colcon_core.package_identification:_identify(go1) by extensions ['ros']
[0.237s] Level 1:colcon.colcon_core.package_identification:_identify(go1) by extension 'ros'
[0.237s] Level 1:colcon.colcon_core.package_identification:_identify(go1) by extensions ['cmake', 'python']
[0.237s] Level 1:colcon.colcon_core.package_identification:_identify(go1) by extension 'cmake'
[0.237s] Level 1:colcon.colcon_core.package_identification:_identify(go1) by extension 'python'
[0.237s] Level 1:colcon.colcon_core.package_identification:_identify(go1) by extensions ['python_setup_py']
[0.237s] Level 1:colcon.colcon_core.package_identification:_identify(go1) by extension 'python_setup_py'
[0.237s] Level 1:colcon.colcon_core.package_identification:_identify(go1/xml) by extensions ['ignore', 'ignore_ament_install']
[0.237s] Level 1:colcon.colcon_core.package_identification:_identify(go1/xml) by extension 'ignore'
[0.237s] Level 1:colcon.colcon_core.package_identification:_identify(go1/xml) by extension 'ignore_ament_install'
[0.237s] Level 1:colcon.colcon_core.package_identification:_identify(go1/xml) by extensions ['colcon_pkg']
[0.237s] Level 1:colcon.colcon_core.package_identification:_identify(go1/xml) by extension 'colcon_pkg'
[0.237s] Level 1:colcon.colcon_core.package_identification:_identify(go1/xml) by extensions ['colcon_meta']
[0.237s] Level 1:colcon.colcon_core.package_identification:_identify(go1/xml) by extension 'colcon_meta'
[0.237s] Level 1:colcon.colcon_core.package_identification:_identify(go1/xml) by extensions ['ros']
[0.237s] Level 1:colcon.colcon_core.package_identification:_identify(go1/xml) by extension 'ros'
[0.237s] Level 1:colcon.colcon_core.package_identification:_identify(go1/xml) by extensions ['cmake', 'python']
[0.237s] Level 1:colcon.colcon_core.package_identification:_identify(go1/xml) by extension 'cmake'
[0.237s] Level 1:colcon.colcon_core.package_identification:_identify(go1/xml) by extension 'python'
[0.237s] Level 1:colcon.colcon_core.package_identification:_identify(go1/xml) by extensions ['python_setup_py']
[0.237s] Level 1:colcon.colcon_core.package_identification:_identify(go1/xml) by extension 'python_setup_py'
[0.238s] Level 1:colcon.colcon_core.package_identification:_identify(install) by extensions ['ignore', 'ignore_ament_install']
[0.238s] Level 1:colcon.colcon_core.package_identification:_identify(install) by extension 'ignore'
[0.238s] Level 1:colcon.colcon_core.package_identification:_identify(install) ignored
[0.238s] Level 1:colcon.colcon_core.package_identification:_identify(log) by extensions ['ignore', 'ignore_ament_install']
[0.238s] Level 1:colcon.colcon_core.package_identification:_identify(log) by extension 'ignore'
[0.238s] Level 1:colcon.colcon_core.package_identification:_identify(log) ignored
[0.238s] Level 1:colcon.colcon_core.package_identification:_identify(src) by extensions ['ignore', 'ignore_ament_install']
[0.238s] Level 1:colcon.colcon_core.package_identification:_identify(src) by extension 'ignore'
[0.238s] Level 1:colcon.colcon_core.package_identification:_identify(src) by extension 'ignore_ament_install'
[0.238s] Level 1:colcon.colcon_core.package_identification:_identify(src) by extensions ['colcon_pkg']
[0.238s] Level 1:colcon.colcon_core.package_identification:_identify(src) by extension 'colcon_pkg'
[0.238s] Level 1:colcon.colcon_core.package_identification:_identify(src) by extensions ['colcon_meta']
[0.238s] Level 1:colcon.colcon_core.package_identification:_identify(src) by extension 'colcon_meta'
[0.238s] Level 1:colcon.colcon_core.package_identification:_identify(src) by extensions ['ros']
[0.238s] Level 1:colcon.colcon_core.package_identification:_identify(src) by extension 'ros'
[0.238s] Level 1:colcon.colcon_core.package_identification:_identify(src) by extensions ['cmake', 'python']
[0.238s] Level 1:colcon.colcon_core.package_identification:_identify(src) by extension 'cmake'
[0.238s] Level 1:colcon.colcon_core.package_identification:_identify(src) by extension 'python'
[0.238s] Level 1:colcon.colcon_core.package_identification:_identify(src) by extensions ['python_setup_py']
[0.238s] Level 1:colcon.colcon_core.package_identification:_identify(src) by extension 'python_setup_py'
[0.238s] Level 1:colcon.colcon_core.package_identification:_identify(src/unitree) by extensions ['ignore', 'ignore_ament_install']
[0.238s] Level 1:colcon.colcon_core.package_identification:_identify(src/unitree) by extension 'ignore'
[0.238s] Level 1:colcon.colcon_core.package_identification:_identify(src/unitree) by extension 'ignore_ament_install'
[0.238s] Level 1:colcon.colcon_core.package_identification:_identify(src/unitree) by extensions ['colcon_pkg']
[0.238s] Level 1:colcon.colcon_core.package_identification:_identify(src/unitree) by extension 'colcon_pkg'
[0.238s] Level 1:colcon.colcon_core.package_identification:_identify(src/unitree) by extensions ['colcon_meta']
[0.238s] Level 1:colcon.colcon_core.package_identification:_identify(src/unitree) by extension 'colcon_meta'
[0.238s] Level 1:colcon.colcon_core.package_identification:_identify(src/unitree) by extensions ['ros']
[0.238s] Level 1:colcon.colcon_core.package_identification:_identify(src/unitree) by extension 'ros'
[0.241s] DEBUG:colcon.colcon_core.package_identification:Package 'src/unitree' with type 'ros.ament_python' and name 'unitree'
[0.241s] Level 1:colcon.colcon_core.package_discovery:discover_packages(recursive) using defaults
[0.241s] Level 1:colcon.colcon_core.package_discovery:discover_packages(ignore) discover
[0.241s] Level 1:colcon.colcon_core.package_discovery:discover_packages(ignore) using defaults
[0.241s] Level 1:colcon.colcon_core.package_discovery:discover_packages(path) discover
[0.241s] Level 1:colcon.colcon_core.package_discovery:discover_packages(path) using defaults
[0.264s] Level 1:colcon.colcon_core.package_discovery:discover_packages(prefix_path) check parameters
[0.264s] Level 1:colcon.colcon_core.package_discovery:discover_packages(prefix_path) discover
[0.265s] WARNING:colcon.colcon_ros.prefix_path.ament:The path '/home/ceyx/Documents/HHS-Dog/install/unitree' in the environment variable AMENT_PREFIX_PATH doesn't exist
[0.319s] DEBUG:colcon.colcon_installed_package_information.package_discovery:Found 0 installed packages in /home/ceyx/Documents/HHS-Dog/install
[0.321s] DEBUG:colcon.colcon_installed_package_information.package_discovery:Found 270 installed packages in /opt/ros/humble
[0.323s] Level 1:colcon.colcon_core.package_discovery:discover_packages(prefix_path) using defaults
[0.358s] Level 5:colcon.colcon_core.verb:set package 'unitree' build argument 'cmake_args' from command line to 'None'
[0.358s] Level 5:colcon.colcon_core.verb:set package 'unitree' build argument 'cmake_target' from command line to 'None'
[0.358s] Level 5:colcon.colcon_core.verb:set package 'unitree' build argument 'cmake_target_skip_unavailable' from command line to 'False'
[0.358s] Level 5:colcon.colcon_core.verb:set package 'unitree' build argument 'cmake_clean_cache' from command line to 'False'
[0.358s] Level 5:colcon.colcon_core.verb:set package 'unitree' build argument 'cmake_clean_first' from command line to 'False'
[0.358s] Level 5:colcon.colcon_core.verb:set package 'unitree' build argument 'cmake_force_configure' from command line to 'False'
[0.358s] Level 5:colcon.colcon_core.verb:set package 'unitree' build argument 'ament_cmake_args' from command line to 'None'
[0.358s] Level 5:colcon.colcon_core.verb:set package 'unitree' build argument 'catkin_cmake_args' from command line to 'None'
[0.358s] Level 5:colcon.colcon_core.verb:set package 'unitree' build argument 'catkin_skip_building_tests' from command line to 'False'
[0.358s] DEBUG:colcon.colcon_core.verb:Building package 'unitree' with the following arguments: {'ament_cmake_args': None, 'build_base': '/home/ceyx/Documents/HHS-Dog/build/unitree', 'catkin_cmake_args': None, 'catkin_skip_building_tests': False, 'cmake_args': None, 'cmake_clean_cache': False, 'cmake_clean_first': False, 'cmake_force_configure': False, 'cmake_target': None, 'cmake_target_skip_unavailable': False, 'install_base': '/home/ceyx/Documents/HHS-Dog/install/unitree', 'merge_install': False, 'path': '/home/ceyx/Documents/HHS-Dog/src/unitree', 'symlink_install': True, 'test_result_base': None}
[0.358s] INFO:colcon.colcon_core.executor:Executing jobs using 'parallel' executor
[0.360s] DEBUG:colcon.colcon_parallel_executor.executor.parallel:run_until_complete
[0.360s] INFO:colcon.colcon_ros.task.ament_python.build:Building ROS package in '/home/ceyx/Documents/HHS-Dog/src/unitree' with build type 'ament_python'
[0.360s] Level 1:colcon.colcon_core.shell:create_environment_hook('unitree', 'ament_prefix_path')
[0.362s] INFO:colcon.colcon_core.plugin_system:Skipping extension 'colcon_core.shell.bat': Not used on non-Windows systems
[0.362s] INFO:colcon.colcon_core.shell:Creating environment hook '/home/ceyx/Documents/HHS-Dog/install/unitree/share/unitree/hook/ament_prefix_path.ps1'
[0.364s] INFO:colcon.colcon_core.shell:Creating environment descriptor '/home/ceyx/Documents/HHS-Dog/install/unitree/share/unitree/hook/ament_prefix_path.dsv'
[0.364s] INFO:colcon.colcon_core.shell:Creating environment hook '/home/ceyx/Documents/HHS-Dog/install/unitree/share/unitree/hook/ament_prefix_path.sh'
[0.365s] INFO:colcon.colcon_core.shell:Skip shell extension 'powershell' for command environment: Not usable outside of PowerShell
[0.365s] DEBUG:colcon.colcon_core.shell:Skip shell extension 'dsv' for command environment
[0.611s] INFO:colcon.colcon_core.task.python.build:Building Python package in '/home/ceyx/Documents/HHS-Dog/src/unitree'
[0.611s] INFO:colcon.colcon_core.shell:Skip shell extension 'powershell' for command environment: Not usable outside of PowerShell
[0.611s] DEBUG:colcon.colcon_core.shell:Skip shell extension 'dsv' for command environment
[0.954s] DEBUG:colcon.colcon_core.event_handler.log_command:Invoking command in '/home/ceyx/Documents/HHS-Dog/build/unitree': PYTHONPATH=/home/ceyx/Documents/HHS-Dog/build/unitree/prefix_override:/home/ceyx/Documents/HHS-Dog/install/unitree/lib/python3.10/site-packages:${PYTHONPATH} /usr/bin/python3 -W ignore:setup.py install is deprecated setup.py develop --editable --build-directory /home/ceyx/Documents/HHS-Dog/build/unitree/build --no-deps symlink_data
[1.297s] Level 1:colcon.colcon_core.shell:create_environment_hook('unitree', 'pythonpath_develop')
[1.297s] INFO:colcon.colcon_core.shell:Creating environment hook '/home/ceyx/Documents/HHS-Dog/build/unitree/share/unitree/hook/pythonpath_develop.ps1'
[1.298s] DEBUG:colcon.colcon_core.event_handler.log_command:Invoked command in '/home/ceyx/Documents/HHS-Dog/build/unitree' returned '0': PYTHONPATH=/home/ceyx/Documents/HHS-Dog/build/unitree/prefix_override:/home/ceyx/Documents/HHS-Dog/install/unitree/lib/python3.10/site-packages:${PYTHONPATH} /usr/bin/python3 -W ignore:setup.py install is deprecated setup.py develop --editable --build-directory /home/ceyx/Documents/HHS-Dog/build/unitree/build --no-deps symlink_data
[1.299s] INFO:colcon.colcon_core.shell:Creating environment descriptor '/home/ceyx/Documents/HHS-Dog/build/unitree/share/unitree/hook/pythonpath_develop.dsv'
[1.299s] INFO:colcon.colcon_core.shell:Creating environment hook '/home/ceyx/Documents/HHS-Dog/build/unitree/share/unitree/hook/pythonpath_develop.sh'
[1.301s] Level 1:colcon.colcon_core.environment:checking '/home/ceyx/Documents/HHS-Dog/install/unitree' for CMake module files
[1.301s] Level 1:colcon.colcon_core.environment:checking '/home/ceyx/Documents/HHS-Dog/install/unitree' for CMake config files
[1.302s] Level 1:colcon.colcon_core.environment:checking '/home/ceyx/Documents/HHS-Dog/install/unitree/lib'
[1.302s] Level 1:colcon.colcon_core.environment:checking '/home/ceyx/Documents/HHS-Dog/install/unitree/bin'
[1.302s] Level 1:colcon.colcon_core.environment:checking '/home/ceyx/Documents/HHS-Dog/install/unitree/lib/pkgconfig/unitree.pc'
[1.302s] Level 1:colcon.colcon_core.environment:checking '/home/ceyx/Documents/HHS-Dog/install/unitree/lib/python3.10/site-packages'
[1.302s] Level 1:colcon.colcon_core.shell:create_environment_hook('unitree', 'pythonpath')
[1.302s] INFO:colcon.colcon_core.shell:Creating environment hook '/home/ceyx/Documents/HHS-Dog/install/unitree/share/unitree/hook/pythonpath.ps1'
[1.302s] INFO:colcon.colcon_core.shell:Creating environment descriptor '/home/ceyx/Documents/HHS-Dog/install/unitree/share/unitree/hook/pythonpath.dsv'
[1.302s] INFO:colcon.colcon_core.shell:Creating environment hook '/home/ceyx/Documents/HHS-Dog/install/unitree/share/unitree/hook/pythonpath.sh'
[1.303s] Level 1:colcon.colcon_core.environment:checking '/home/ceyx/Documents/HHS-Dog/install/unitree/bin'
[1.303s] Level 1:colcon.colcon_core.environment:create_environment_scripts_only(unitree)
[1.303s] INFO:colcon.colcon_core.shell:Creating package script '/home/ceyx/Documents/HHS-Dog/install/unitree/share/unitree/package.ps1'
[1.304s] INFO:colcon.colcon_core.shell:Creating package descriptor '/home/ceyx/Documents/HHS-Dog/install/unitree/share/unitree/package.dsv'
[1.304s] INFO:colcon.colcon_core.shell:Creating package script '/home/ceyx/Documents/HHS-Dog/install/unitree/share/unitree/package.sh'
[1.304s] INFO:colcon.colcon_core.shell:Creating package script '/home/ceyx/Documents/HHS-Dog/install/unitree/share/unitree/package.bash'
[1.305s] INFO:colcon.colcon_core.shell:Creating package script '/home/ceyx/Documents/HHS-Dog/install/unitree/share/unitree/package.zsh'
[1.305s] Level 1:colcon.colcon_core.environment:create_file_with_runtime_dependencies(/home/ceyx/Documents/HHS-Dog/install/unitree/share/colcon-core/packages/unitree)
[1.305s] DEBUG:colcon.colcon_parallel_executor.executor.parallel:closing loop
[1.306s] DEBUG:colcon.colcon_parallel_executor.executor.parallel:loop closed
[1.306s] DEBUG:colcon.colcon_parallel_executor.executor.parallel:run_until_complete finished with '0'
[1.306s] DEBUG:colcon.colcon_core.event_reactor:joining thread
[1.310s] INFO:colcon.colcon_core.plugin_system:Skipping extension 'colcon_notification.desktop_notification.terminal_notifier': Not used on non-Darwin systems
[1.310s] INFO:colcon.colcon_core.plugin_system:Skipping extension 'colcon_notification.desktop_notification.win32': Not used on non-Windows systems
[1.310s] INFO:colcon.colcon_notification.desktop_notification:Sending desktop notification using 'notify2'
[1.324s] DEBUG:colcon.colcon_core.event_reactor:joined thread
[1.325s] INFO:colcon.colcon_core.shell:Creating prefix script '/home/ceyx/Documents/HHS-Dog/install/local_setup.ps1'
[1.326s] INFO:colcon.colcon_core.shell:Creating prefix util module '/home/ceyx/Documents/HHS-Dog/install/_local_setup_util_ps1.py'
[1.327s] INFO:colcon.colcon_core.shell:Creating prefix chain script '/home/ceyx/Documents/HHS-Dog/install/setup.ps1'
[1.327s] INFO:colcon.colcon_core.shell:Creating prefix script '/home/ceyx/Documents/HHS-Dog/install/local_setup.sh'
[1.328s] INFO:colcon.colcon_core.shell:Creating prefix util module '/home/ceyx/Documents/HHS-Dog/install/_local_setup_util_sh.py'
[1.328s] INFO:colcon.colcon_core.shell:Creating prefix chain script '/home/ceyx/Documents/HHS-Dog/install/setup.sh'
[1.329s] INFO:colcon.colcon_core.shell:Creating prefix script '/home/ceyx/Documents/HHS-Dog/install/local_setup.bash'
[1.329s] INFO:colcon.colcon_core.shell:Creating prefix chain script '/home/ceyx/Documents/HHS-Dog/install/setup.bash'
[1.329s] INFO:colcon.colcon_core.shell:Creating prefix script '/home/ceyx/Documents/HHS-Dog/install/local_setup.zsh'
[1.330s] INFO:colcon.colcon_core.shell:Creating prefix chain script '/home/ceyx/Documents/HHS-Dog/install/setup.zsh'
