[0.417s] Invoking command in '/home/ceyx/Documents/HHS-Dog/build/unitree': PYTHONPATH=/home/ceyx/Documents/HHS-Dog/build/unitree/prefix_override:/home/ceyx/Documents/HHS-Dog/install/unitree/lib/python3.10/site-packages:${PYTHONPATH} /usr/bin/python3 -W ignore:setup.py install is deprecated setup.py develop --editable --build-directory /home/ceyx/Documents/HHS-Dog/build/unitree/build --no-deps symlink_data
[0.560s] running develop
[0.561s] /usr/lib/python3/dist-packages/setuptools/command/easy_install.py:158: EasyInstallDeprecationWarning: easy_install command is deprecated. Use build and pip and other standards-based tools.
[0.561s]   warnings.warn(
[0.637s] running egg_info
[0.637s] creating unitree.egg-info
[0.638s] writing unitree.egg-info/PKG-INFO
[0.638s] writing dependency_links to unitree.egg-info/dependency_links.txt
[0.638s] writing entry points to unitree.egg-info/entry_points.txt
[0.638s] writing requirements to unitree.egg-info/requires.txt
[0.638s] writing top-level names to unitree.egg-info/top_level.txt
[0.638s] writing manifest file 'unitree.egg-info/SOURCES.txt'
[0.639s] reading manifest file 'unitree.egg-info/SOURCES.txt'
[0.639s] writing manifest file 'unitree.egg-info/SOURCES.txt'
[0.640s] running build_ext
[0.640s] Creating /home/ceyx/Documents/HHS-Dog/install/unitree/lib/python3.10/site-packages/unitree.egg-link (link to .)
[0.641s] Installing basic script to /home/ceyx/Documents/HHS-Dog/install/unitree/lib/unitree
[0.641s] 
[0.641s] Installed /home/ceyx/Documents/HHS-Dog/build/unitree
[0.641s] running symlink_data
[0.641s] creating /home/ceyx/Documents/HHS-Dog/install/unitree/share/ament_index
[0.641s] creating /home/ceyx/Documents/HHS-Dog/install/unitree/share/ament_index/resource_index
[0.641s] creating /home/ceyx/Documents/HHS-Dog/install/unitree/share/ament_index/resource_index/packages
[0.642s] symbolically linking /home/ceyx/Documents/HHS-Dog/build/unitree/resource/unitree -> /home/ceyx/Documents/HHS-Dog/install/unitree/share/ament_index/resource_index/packages
[0.642s] symbolically linking /home/ceyx/Documents/HHS-Dog/build/unitree/package.xml -> /home/ceyx/Documents/HHS-Dog/install/unitree/share/unitree
[0.642s] creating /home/ceyx/Documents/HHS-Dog/install/unitree/share/unitreelaunch
[0.642s] symbolically linking /home/ceyx/Documents/HHS-Dog/build/unitree/launch/basic.launch.py -> /home/ceyx/Documents/HHS-Dog/install/unitree/share/unitreelaunch
[0.642s] creating /home/ceyx/Documents/HHS-Dog/install/unitree/share/unitreeurdf
[0.642s] symbolically linking /home/ceyx/Documents/HHS-Dog/build/unitree/urdf/go1.urdf -> /home/ceyx/Documents/HHS-Dog/install/unitree/share/unitreeurdf
[0.642s] creating /home/ceyx/Documents/HHS-Dog/install/unitree/share/unitreerviz
[0.642s] symbolically linking /home/ceyx/Documents/HHS-Dog/build/unitree/rviz/viewurdf.rviz -> /home/ceyx/Documents/HHS-Dog/install/unitree/share/unitreerviz
[0.662s] Invoked command in '/home/ceyx/Documents/HHS-Dog/build/unitree' returned '0': PYTHONPATH=/home/ceyx/Documents/HHS-Dog/build/unitree/prefix_override:/home/ceyx/Documents/HHS-Dog/install/unitree/lib/python3.10/site-packages:${PYTHONPATH} /usr/bin/python3 -W ignore:setup.py install is deprecated setup.py develop --editable --build-directory /home/ceyx/Documents/HHS-Dog/build/unitree/build --no-deps symlink_data
